{"context":{"method":"GET","requestId":"req456","url":"/api/test","userId":"user123"},"fingerprint":"general:test error message","level":"error","logId":"log_1757495631740_2cv2ckn39","message":"Test error message","metadata":{},"tags":["user-action","request","error"],"timestamp":"2025-09-10T09:13:51.750Z"}
{"fingerprint":"general:database connection failed","level":"error","logId":"log_1757495631790_sunldp9mn","message":"Database connection failed","metadata":{},"tags":[],"timestamp":"2025-09-10T09:13:51.790Z"}
{"fingerprint":"general:database connection failed","level":"error","logId":"log_1757495631799_rc6scw9ih","message":"Database connection failed","metadata":{},"tags":[],"timestamp":"2025-09-10T09:13:51.799Z"}
{"fingerprint":"general:mongodb connection timeout error","level":"error","logId":"log_1757495631806_hu8f1kas8","message":"MongoDB connection timeout error","metadata":{},"tags":["error"],"timestamp":"2025-09-10T09:13:51.806Z"}
{"fingerprint":"general:critical system error occurred","level":"error","logId":"log_1757495631836_5g7k03n98","message":"Critical system error occurred","metadata":{},"tags":["error"],"timestamp":"2025-09-10T09:13:51.836Z"}
{"fingerprint":"general:system crashed","level":"error","logId":"log_1757495631843_ghiweev72","message":"System crashed","metadata":{},"tags":[],"timestamp":"2025-09-10T09:13:51.843Z"}
{"context":{"userId":"user1"},"fingerprint":"general:database error","level":"error","logId":"log_1757495631862_xefxadmn1","message":"Database error","metadata":{},"tags":["user-action","error"],"timestamp":"2025-09-10T09:13:51.863Z"}
{"context":{"userId":"user1"},"fingerprint":"general:database error","level":"error","logId":"log_1757495631876_io6wv8kl0","message":"Database error","metadata":{},"tags":["user-action","error"],"timestamp":"2025-09-10T09:13:51.876Z"}
{"context":{"userId":"user1"},"fingerprint":"general:database error","level":"error","logId":"log_1757495631889_s06il84er","message":"Database error","metadata":{},"tags":["user-action","error"],"timestamp":"2025-09-10T09:13:51.890Z"}
{"context":{"userId":"user1"},"fingerprint":"general:database error","level":"error","logId":"log_1757495631906_r238r4h5n","message":"Database error","metadata":{},"tags":["user-action","error"],"timestamp":"2025-09-10T09:13:51.906Z"}
{"context":{"userId":"user1"},"fingerprint":"general:database error","level":"error","logId":"log_1757495631920_z19oavoyt","message":"Database error","metadata":{},"tags":["user-action","error"],"timestamp":"2025-09-10T09:13:51.920Z"}
{"fingerprint":"general:error n","level":"error","logId":"log_1757495631932_2l6hp8wte","message":"Error 1","metadata":{},"tags":["error"],"timestamp":"2025-09-10T09:13:51.932Z"}
{"fingerprint":"general:error n","level":"error","logId":"log_1757495631935_cxe67jai6","message":"Error 2","metadata":{},"tags":["error"],"timestamp":"2025-09-10T09:13:51.935Z"}
{"fingerprint":"general:error n","level":"error","logId":"log_1757495631956_dm4m0q4kn","message":"Error 1","metadata":{},"tags":["error"],"timestamp":"2025-09-10T09:13:51.956Z"}
{"fingerprint":"general:error n","level":"error","logId":"log_1757495631959_cnjj6m7zv","message":"Error 2","metadata":{},"tags":["error"],"timestamp":"2025-09-10T09:13:51.959Z"}
{"fingerprint":"general:error n","level":"error","logId":"log_1757495631977_3l68s5mwh","message":"Error 1","metadata":{},"tags":["error"],"timestamp":"2025-09-10T09:13:51.977Z"}
{"fingerprint":"general:error n","level":"error","logId":"log_1757495631979_oouwnralz","message":"Error 2","metadata":{},"tags":["error"],"timestamp":"2025-09-10T09:13:51.979Z"}
{"fingerprint":"general:same error message","level":"error","logId":"log_1757495631990_ch6oc6e44","message":"Same error message","metadata":{},"tags":["error"],"timestamp":"2025-09-10T09:13:51.990Z"}
{"fingerprint":"general:same error message","level":"error","logId":"log_1757495631994_2nt0erxos","message":"Same error message","metadata":{},"tags":["error"],"timestamp":"2025-09-10T09:13:51.994Z"}
{"fingerprint":"general:different error","level":"error","logId":"log_1757495631997_f3qdey723","message":"Different error","metadata":{},"tags":["error"],"timestamp":"2025-09-10T09:13:51.997Z"}
{"fingerprint":"general:export test error","level":"error","logId":"log_1757495632007_1381e98yg","message":"Export test error","metadata":{},"tags":["error"],"timestamp":"2025-09-10T09:13:52.007Z"}
{"fingerprint":"general:export test error","level":"error","logId":"log_1757495632019_ypknt0h67","message":"Export test error","metadata":{},"tags":["error"],"timestamp":"2025-09-10T09:13:52.019Z"}
{"fingerprint":"general:export test error","level":"error","logId":"log_1757495632031_ipydjkqgt","message":"Export test error","metadata":{},"tags":["error"],"timestamp":"2025-09-10T09:13:52.031Z"}
{"fingerprint":"general:error log","level":"error","logId":"log_1757495632045_7bwh4q1mg","message":"Error log","metadata":{},"tags":["error"],"timestamp":"2025-09-10T09:13:52.045Z"}
